Scheduled to post 7 tweets today.
Generating a standard tweet in ro about: AI ethics...
Attempting to post the tweet...
Error posting tweet: 403 Forbidden
You are not permitted to perform this action.
Tweet 1/7 posted. Waiting 96 minutes for the next one.
Generating a hot_take tweet in en about: open source projects...
Attempting to post the tweet...
Tweet posted successfully!
View it at: https://twitter.com/user/status/1957316306404847717
Tweet 2/7 posted. Waiting 84 minutes for the next one.
Generating a hot_take tweet in en about: cybersecurity tips...
Attempting to post the tweet...
Tweet posted successfully!
View it at: https://twitter.com/user/status/1957337665843397039
Tweet 3/7 posted. Waiting 156 minutes for the next one.
Generating a standard tweet in en about: AI ethics...
Attempting to post the tweet...
Error posting tweet: 403 Forbidden
You are not permitted to perform this action.
Tweet 4/7 posted. Waiting 183 minutes for the next one.
Scraping daily.dev for a relevant article...
No articles found on daily.dev with the specified selector.
Generating a fun_fact tweet in en about: fullstack development...
Attempting to post the tweet...
Tweet posted successfully!
View it at: https://twitter.com/user/status/1957423534499594417
Tweet 5/7 posted. Waiting 90 minutes for the next one.
Generating a fun_fact tweet in ro about: open source projects...
Attempting to post the tweet...
Tweet posted successfully!
View it at: https://twitter.com/user/status/1957446450549293450
Tweet 6/7 posted. Waiting 223 minutes for the next one.
Generating a hot_take tweet in en about: cybersecurity tips...
Attempting to post the tweet...
Tweet posted successfully!
View it at: https://twitter.com/user/status/1957502868438630833
